[  164658ms] [ERROR] Failed to load resource: net::ERR_CONNECTION_REFUSED @ http://localhost:3001/api/categories:0
[  164967ms] [ERROR] Failed to load resource: net::ERR_CONNECTION_REFUSED @ http://localhost:3001/api/businesses?:0
[  168021ms] [ERROR] Failed to load resource: net::ERR_CONNECTION_REFUSED @ http://localhost:3001/api/categories:0
[  168332ms] [ERROR] Failed to load resource: net::ERR_CONNECTION_REFUSED @ http://localhost:3001/api/businesses?:0
[  172378ms] [ERROR] Failed to load resource: net::ERR_CONNECTION_REFUSED @ http://localhost:3001/api/categories:0
[  172641ms] [ERROR] Failed to load resource: net::ERR_CONNECTION_REFUSED @ http://localhost:3001/api/businesses?:0
[  178735ms] [ERROR] Failed to load resource: net::ERR_CONNECTION_REFUSED @ http://localhost:3001/api/categories:0
[  178997ms] [ERROR] Failed to load resource: net::ERR_CONNECTION_REFUSED @ http://localhost:3001/api/businesses?:0
[  189989ms] [ERROR] Failed to load resource: net::ERR_CONNECTION_REFUSED @ http://localhost:3001/api/appointments:0
[  193570ms] [ERROR] Failed to load resource: net::ERR_CONNECTION_REFUSED @ http://localhost:3001/api/categories:0
[  193570ms] [ERROR] Failed to load resource: net::ERR_CONNECTION_REFUSED @ http://localhost:3001/api/businesses?:0
[  196934ms] [ERROR] Failed to load resource: net::ERR_CONNECTION_REFUSED @ http://localhost:3001/api/categories:0
[  196934ms] [ERROR] Failed to load resource: net::ERR_CONNECTION_REFUSED @ http://localhost:3001/api/businesses?:0
[  201290ms] [ERROR] Failed to load resource: net::ERR_CONNECTION_REFUSED @ http://localhost:3001/api/categories:0
[  201290ms] [ERROR] Failed to load resource: net::ERR_CONNECTION_REFUSED @ http://localhost:3001/api/businesses?:0
[  207646ms] [ERROR] Failed to load resource: net::ERR_CONNECTION_REFUSED @ http://localhost:3001/api/categories:0
[  207646ms] [ERROR] Failed to load resource: net::ERR_CONNECTION_REFUSED @ http://localhost:3001/api/businesses?:0
[  231459ms] [ERROR] Failed to load resource: net::ERR_CONNECTION_REFUSED @ http://localhost:3001/api/appointments:0
[  231552ms] [ERROR] Failed to load resource: net::ERR_CONNECTION_REFUSED @ http://localhost:3001/api/categories:0
[  233272ms] [ERROR] Failed to load resource: net::ERR_CONNECTION_REFUSED @ http://localhost:3001/api/businesses?:0
[  233303ms] [ERROR] Failed to load resource: net::ERR_CONNECTION_REFUSED @ http://localhost:3001/api/appointments:0
[  234652ms] [ERROR] Failed to load resource: net::ERR_CONNECTION_REFUSED @ http://localhost:3001/api/categories:0
[  236250ms] [ERROR] Failed to load resource: net::ERR_CONNECTION_REFUSED @ http://localhost:3001/api/businesses?:0
[  236358ms] [ERROR] Failed to load resource: net::ERR_CONNECTION_REFUSED @ http://localhost:3001/api/categories:0
[ 2828839ms] [ERROR] Failed to load resource: the server responded with a status of 404 (Not Found) @ http://localhost:3000/_next/static/css/app/layout.css?v=1774902178829:0
[ 2828874ms] Event
[ 2876504ms] [ERROR] Failed to load resource: the server responded with a status of 404 (Not Found) @ http://localhost:3000/_next/static/css/app/layout.css?v=1774902226429:0
[ 2876542ms] Event
[ 3185360ms] [ERROR] Failed to load resource: the server responded with a status of 404 (Not Found) @ http://localhost:3000/_next/static/css/app/layout.css?v=1774902535364:0
[ 3185364ms] Event
[ 3185546ms] [ERROR] Failed to load resource: the server responded with a status of 500 (Internal Server Error) @ http://localhost:3000/:0
[ 3185890ms] TypeError: __webpack_modules__[moduleId] is not a function
    at Object.__webpack_require__ [as require] (file://C:\Users\Mvzii\OneDrive\Documentos\AgendaPro\apps\web\.next\server\webpack-runtime.js:25:42)
    at Object.require (file://C:\Users\Mvzii\OneDrive\Documentos\AgendaPro\node_modules\.pnpm\next@15.5.14_react-dom@19.2.4_react@19.2.4__react@19.2.4\node_modules\next\dist\compiled\next-server\app-page.runtime.dev.js:39:28541)
    at globalThis.__next_require__ (file://C:\Users\Mvzii\OneDrive\Documentos\AgendaPro\node_modules\.pnpm\next@15.5.14_react-dom@19.2.4_react@19.2.4__react@19.2.4\node_modules\next\dist\compiled\next-server\app-page.runtime.dev.js:39:29364)
    at requireModule (file://C:\Users\Mvzii\OneDrive\Documentos\AgendaPro\node_modules\.pnpm\next@15.5.14_react-dom@19.2.4_react@19.2.4__react@19.2.4\node_modules\next\dist\compiled\next-server\app-page.runtime.dev.js:2:318257)
    at initializeModuleChunk (file://C:\Users\Mvzii\OneDrive\Documentos\AgendaPro\node_modules\.pnpm\next@15.5.14_react-dom@19.2.4_react@19.2.4__react@19.2.4\node_modules\next\dist\compiled\next-server\app-page.runtime.dev.js:2:347649)
    at getOutlinedModel (file://C:\Users\Mvzii\OneDrive\Documentos\AgendaPro\node_modules\.pnpm\next@15.5.14_react-dom@19.2.4_react@19.2.4__react@19.2.4\node_modules\next\dist\compiled\next-server\app-page.runtime.dev.js:2:357408)
    at <unknown> (file://C:\Users\Mvzii\OneDrive\Documentos\AgendaPro\node_modules\.pnpm\next@15.5.14_react-dom@19.2.4_react@19.2.4__react@19.2.4\node_modules\next\dist\compiled\next-server\app-page.runtime.dev.js:2:365361)
    at ResponseInstance._fromJSON (file://C:\Users\Mvzii\OneDrive\Documentos\AgendaPro\node_modules\.pnpm\next@15.5.14_react-dom@19.2.4_react@19.2.4__react@19.2.4\node_modules\next\dist\compiled\next-server\app-page.runtime.dev.js:2:365452)
    at JSON.parse (<anonymous>)
    at initializeModelChunk (file://C:\Users\Mvzii\OneDrive\Documentos\AgendaPro\node_modules\.pnpm\next@15.5.14_react-dom@19.2.4_react@19.2.4__react@19.2.4\node_modules\next\dist\compiled\next-server\app-page.runtime.dev.js:2:347040)
    at resolveModelChunk (file://C:\Users\Mvzii\OneDrive\Documentos\AgendaPro\node_modules\.pnpm\next@15.5.14_react-dom@19.2.4_react@19.2.4__react@19.2.4\node_modules\next\dist\compiled\next-server\app-page.runtime.dev.js:2:345328)
    at processFullStringRow (file://C:\Users\Mvzii\OneDrive\Documentos\AgendaPro\node_modules\.pnpm\next@15.5.14_react-dom@19.2.4_react@19.2.4__react@19.2.4\node_modules\next\dist\compiled\next-server\app-page.runtime.dev.js:2:384472)
    at <unknown> (file://C:\Users\Mvzii\OneDrive\Documentos\AgendaPro\node_modules\.pnpm\next@15.5.14_react-dom@19.2.4_react@19.2.4__react@19.2.4\node_modules\next\dist\compiled\next-server\app-page.runtime.dev.js:2:386875)
    at processBinaryChunk (file://C:\Users\Mvzii\OneDrive\Documentos\AgendaPro\node_modules\.pnpm\next@15.5.14_react-dom@19.2.4_react@19.2.4__react@19.2.4\node_modules\next\dist\compiled\next-server\app-page.runtime.dev.js:2:386947)
    at progress (file://C:\Users\Mvzii\OneDrive\Documentos\AgendaPro\node_modules\.pnpm\next@15.5.14_react-dom@19.2.4_react@19.2.4__react@19.2.4\node_modules\next\dist\compiled\next-server\app-page.runtime.dev.js:2:388475)
[ 3189258ms] [ERROR] Failed to load resource: the server responded with a status of 404 (Not Found) @ http://localhost:3000/_next/static/css/app/layout.css?v=1774902538961:0
[ 3189266ms] [ERROR] Failed to load resource: the server responded with a status of 404 (Not Found) @ http://localhost:3000/_next/static/chunks/main-app.js?v=1774902538961:0
[ 3189266ms] [ERROR] Failed to load resource: the server responded with a status of 404 (Not Found) @ http://localhost:3000/_next/static/chunks/app-pages-internals.js:0
[ 3189266ms] [ERROR] Failed to load resource: the server responded with a status of 404 (Not Found) @ http://localhost:3000/_next/static/chunks/app/page.js:0
[ 3195758ms] [ERROR] Failed to load resource: the server responded with a status of 404 (Not Found) @ http://localhost:3000/_next/static/css/app/layout.css?v=1774902545598:0
[ 3195764ms] [ERROR] Failed to load resource: the server responded with a status of 404 (Not Found) @ http://localhost:3000/_next/static/chunks/main-app.js?v=1774902545598:0
[ 3195765ms] [ERROR] Failed to load resource: the server responded with a status of 404 (Not Found) @ http://localhost:3000/_next/static/chunks/app-pages-internals.js:0
[ 3195765ms] [ERROR] Failed to load resource: the server responded with a status of 404 (Not Found) @ http://localhost:3000/_next/static/chunks/app/page.js:0
